<?xml version="1.0" encoding="UTF-8"?>
<!-- Generated by org.testng.reporters.JUnitReportReporter -->
<testsuite hostname="Zia_PC" failures="1" tests="1" name="cucumberOptions.FailedRunner" time="7.397" errors="0" timestamp="2024-03-09T23:14:14 IST" skipped="0">
  <testcase classname="cucumberOptions.FailedRunner" name="runScenario" time="7.397">
    <failure message="expected [No data] but found [Beetroot]" type="java.lang.AssertionError">
      <![CDATA[java.lang.AssertionError: expected [No data] but found [Beetroot]
at org.testng.Assert.fail(Assert.java:111)
at org.testng.Assert.failNotEquals(Assert.java:1578)
at org.testng.Assert.assertEqualsImpl(Assert.java:150)
at org.testng.Assert.assertEquals(Assert.java:132)
at org.testng.Assert.assertEquals(Assert.java:656)
at org.testng.Assert.assertEquals(Assert.java:666)
at stepDefinitions.OfferPageStepDefinition.user_verifies_landing_page_and_offers_page_product_name_value(OfferPageStepDefinition.java:46)
at ✽.user verifies Landing Page and offers Page product name value(file:///C:/Users/ziyau/OneDrive/Documents/Workspace/CucumberProject/src/test/java/features/searchProduct.feature:9)
]]>
    </failure>
  </testcase> <!-- runScenario -->
</testsuite> <!-- cucumberOptions.FailedRunner -->
